<?xml version="1.0" encoding="UTF-8"?>
<!-- Generated by org.testng.reporters.JUnitReportReporter -->
<testsuite skipped="0" hostname="DESKTOP-T7SG8HK" name="authentication.oauth2_0" tests="1" failures="0" timestamp="2022-04-22T15:33:52 IST" time="6.334" errors="0">
  <testcase name="oauthAuthentication" time="6.334" classname="authentication.oauth2_0"/>
  <system-out/>
</testsuite> <!-- authentication.oauth2_0 -->
