<?xml version="1.0" encoding="UTF-8"?>
<!-- Generated by org.testng.reporters.JUnitReportReporter -->
<testsuite skipped="0" hostname="DESKTOP-T7SG8HK" name="PracticeCrudOperationWithoutBDD.GetAllProject" tests="1" failures="0" timestamp="2022-04-22T15:34:34 IST" time="3.827" errors="0">
  <testcase name="getAllProject" time="3.827" classname="PracticeCrudOperationWithoutBDD.GetAllProject"/>
  <system-out/>
</testsuite> <!-- PracticeCrudOperationWithoutBDD.GetAllProject -->
