<?xml version="1.0" encoding="UTF-8"?>
<!-- Generated by org.testng.reporters.JUnitReportReporter -->
<testsuite skipped="0" hostname="DESKTOP-T7SG8HK" name="PracticeCrudOperationWithoutBDD.CreateProjectTest" tests="1" failures="0" timestamp="2022-04-22T15:34:15 IST" time="4.074" errors="0">
  <testcase name="createProjectTest" time="4.074" classname="PracticeCrudOperationWithoutBDD.CreateProjectTest"/>
  <system-out/>
</testsuite> <!-- PracticeCrudOperationWithoutBDD.CreateProjectTest -->
