<?xml version="1.0" encoding="UTF-8"?>
<!-- Generated by org.testng.reporters.JUnitReportReporter -->
<testsuite skipped="0" hostname="DESKTOP-T7SG8HK" name="DifferentWaysToPost.CreateProjectUsingPOJO" tests="1" failures="0" timestamp="2022-04-22T15:17:35 IST" time="4.297" errors="0">
  <testcase name="createProjectUsingPOJO" time="4.297" classname="DifferentWaysToPost.CreateProjectUsingPOJO"/>
  <system-out/>
</testsuite> <!-- DifferentWaysToPost.CreateProjectUsingPOJO -->
