<?xml version="1.0" encoding="UTF-8"?>
<!-- Generated by org.testng.reporters.JUnitReportReporter -->
<testsuite skipped="0" hostname="DESKTOP-T7SG8HK" name="parameters.ParametersTestForGIt" tests="1" failures="0" timestamp="2022-04-22T14:59:50 IST" time="31.571" errors="0">
  <testcase name="parametersTest" time="31.571" classname="parameters.ParametersTestForGIt"/>
  <system-out/>
</testsuite> <!-- parameters.ParametersTestForGIt -->
