<?xml version="1.0" encoding="UTF-8"?>
<!-- Generated by org.testng.reporters.JUnitReportReporter -->
<testsuite skipped="0" hostname="DESKTOP-T7SG8HK" name="DifferentWaysToPost.CreateProjectUsingJsonFile" tests="1" failures="0" timestamp="2022-04-22T15:23:25 IST" time="3.903" errors="0">
  <testcase name="createProject" time="3.903" classname="DifferentWaysToPost.CreateProjectUsingJsonFile"/>
  <system-out/>
</testsuite> <!-- DifferentWaysToPost.CreateProjectUsingJsonFile -->
