<?xml version="1.0" encoding="UTF-8"?>
<!-- Generated by org.testng.reporters.JUnitReportReporter -->
<testsuite skipped="0" hostname="DESKTOP-T7SG8HK" name="parameters.QueryParameter" tests="1" failures="0" timestamp="2022-04-22T15:02:56 IST" time="4.875" errors="0">
  <testcase name="queryParameter" time="4.875" classname="parameters.QueryParameter"/>
  <system-out/>
</testsuite> <!-- parameters.QueryParameter -->
