<?xml version="1.0" encoding="UTF-8"?>
<!-- Generated by org.testng.reporters.JUnitReportReporter -->
<testsuite skipped="0" hostname="DESKTOP-T7SG8HK" name="DifferentWaysToPost.CreateProjectUsingHashMap" tests="1" failures="0" timestamp="2022-04-22T15:04:15 IST" time="4.180" errors="0">
  <testcase name="createProjectUsingHashMap" time="4.180" classname="DifferentWaysToPost.CreateProjectUsingHashMap"/>
  <system-out/>
</testsuite> <!-- DifferentWaysToPost.CreateProjectUsingHashMap -->
