<?xml version="1.0" encoding="UTF-8"?>
<!-- Generated by org.testng.reporters.JUnitReportReporter -->
<testsuite skipped="0" hostname="DESKTOP-T7SG8HK" name="DifferentWaysToPost.CreateObjectUsingJasonObject" tests="1" failures="0" timestamp="2022-04-22T15:03:57 IST" time="4.404" errors="0">
  <testcase name="createProjectUsingJSONObject" time="4.404" classname="DifferentWaysToPost.CreateObjectUsingJasonObject"/>
  <system-out/>
</testsuite> <!-- DifferentWaysToPost.CreateObjectUsingJasonObject -->
