<?xml version="1.0" encoding="UTF-8"?>
<!-- Generated by org.testng.reporters.JUnitReportReporter -->
<testsuite skipped="0" hostname="DESKTOP-T7SG8HK" name="RequestChaining.CreateProjectandGetProject" tests="1" failures="0" timestamp="2022-04-22T15:55:32 IST" time="7.870" errors="0">
  <testcase name="requestChaining1" time="7.870" classname="RequestChaining.CreateProjectandGetProject"/>
  <system-out/>
</testsuite> <!-- RequestChaining.CreateProjectandGetProject -->
