<?xml version="1.0" encoding="UTF-8"?>
<!-- Generated by org.testng.reporters.JUnitReportReporter -->
<testsuite skipped="0" hostname="DESKTOP-T7SG8HK" name="PracticeCrudOperationWithoutBDD.getAllProjectWithoutBDD" tests="1" failures="0" timestamp="2022-04-22T15:34:47 IST" time="3.423" errors="0">
  <testcase name="getAllProject" time="3.423" classname="PracticeCrudOperationWithoutBDD.getAllProjectWithoutBDD"/>
  <system-out/>
</testsuite> <!-- PracticeCrudOperationWithoutBDD.getAllProjectWithoutBDD -->
