<?xml version="1.0" encoding="UTF-8"?>
<!-- Generated by org.testng.reporters.JUnitReportReporter -->
<testsuite skipped="0" hostname="DESKTOP-T7SG8HK" name="parameters.FormParameter" tests="1" failures="0" timestamp="2022-04-22T14:55:21 IST" time="5.160" errors="0">
  <testcase name="createProjectUisngFormParameter" time="5.160" classname="parameters.FormParameter"/>
  <system-out/>
</testsuite> <!-- parameters.FormParameter -->
