<?xml version="1.0" encoding="UTF-8"?>
<!-- Generated by org.testng.reporters.JUnitReportReporter -->
<testsuite skipped="0" hostname="DESKTOP-T7SG8HK" name="PracticeCrudOpretionWithBDD.DeletProject" tests="1" failures="0" timestamp="2022-04-22T15:37:07 IST" time="4.375" errors="0">
  <testcase name="deletProject" time="4.375" classname="PracticeCrudOpretionWithBDD.DeletProject"/>
  <system-out/>
</testsuite> <!-- PracticeCrudOpretionWithBDD.DeletProject -->
