<?xml version="1.0" encoding="UTF-8"?>
<!-- Generated by org.testng.reporters.JUnitReportReporter -->
<testsuite skipped="0" hostname="DESKTOP-T7SG8HK" name="ResponseValidation.StaticResponseValidationGetTest" tests="1" failures="0" timestamp="2022-04-21T14:41:21 IST" time="5.090" errors="0">
  <testcase name="staticResponceGet" time="5.090" classname="ResponseValidation.StaticResponseValidationGetTest"/>
  <system-out/>
</testsuite> <!-- ResponseValidation.StaticResponseValidationGetTest -->
