<?xml version="1.0" encoding="UTF-8"?>
<!-- Generated by org.testng.reporters.JUnitReportReporter -->
<testsuite skipped="0" hostname="DESKTOP-T7SG8HK" name="PracticeCrudOperationWithoutBDD.SampleProjectTest" tests="1" failures="0" timestamp="2022-04-22T15:35:49 IST" time="3.482" errors="0">
  <testcase name="sampleProjectTest" time="3.482" classname="PracticeCrudOperationWithoutBDD.SampleProjectTest"/>
  <system-out/>
</testsuite> <!-- PracticeCrudOperationWithoutBDD.SampleProjectTest -->
