<?xml version="1.0" encoding="UTF-8"?>
<!-- Generated by org.testng.reporters.JUnitReportReporter -->
<testsuite skipped="0" hostname="DESKTOP-T7SG8HK" name="PracticeCrudOpretionWithBDD.CreateProjectTest" tests="1" failures="0" timestamp="2022-04-22T15:36:50 IST" time="4.891" errors="0">
  <testcase name="createProject" time="4.891" classname="PracticeCrudOpretionWithBDD.CreateProjectTest"/>
  <system-out/>
</testsuite> <!-- PracticeCrudOpretionWithBDD.CreateProjectTest -->
