<?xml version="1.0" encoding="UTF-8"?>
<!-- Generated by org.testng.reporters.JUnitReportReporter -->
<testsuite skipped="0" hostname="DESKTOP-T7SG8HK" name="ResponseValidation.ResponseTimeValidationTest" tests="1" failures="0" timestamp="2022-04-21T14:57:56 IST" time="3.578" errors="0">
  <testcase name="responseTimeValidation" time="3.578" classname="ResponseValidation.ResponseTimeValidationTest"/>
  <system-out/>
</testsuite> <!-- ResponseValidation.ResponseTimeValidationTest -->
