<?xml version="1.0" encoding="UTF-8"?>
<!-- Generated by org.testng.reporters.JUnitReportReporter -->
<testsuite skipped="0" hostname="DESKTOP-T7SG8HK" name="DataDrivenTesting.CreateMultipleProjectWithDiffData" tests="3" failures="0" timestamp="2022-04-22T15:33:28 IST" time="4.422" errors="0">
  <testcase name="createProject" time="0.109" classname="DataDrivenTesting.CreateMultipleProjectWithDiffData"/>
  <system-out/>
  <testcase name="createProject" time="0.188" classname="DataDrivenTesting.CreateMultipleProjectWithDiffData"/>
  <system-out/>
  <testcase name="createProject" time="4.125" classname="DataDrivenTesting.CreateMultipleProjectWithDiffData"/>
  <system-out/>
</testsuite> <!-- DataDrivenTesting.CreateMultipleProjectWithDiffData -->
